<?xml version="1.0" encoding="UTF-8"?>
<testsuite name="rules.ExecutionRuleTest" time="112.76" tests="2" errors="0" skipped="0" failures="1">
  <properties>
    <property name="java.runtime.name" value="Java(TM) SE Runtime Environment"/>
    <property name="sun.boot.library.path" value="/Library/Java/JavaVirtualMachines/jdk1.8.0_51.jdk/Contents/Home/jre/lib"/>
    <property name="java.vm.version" value="25.51-b03"/>
    <property name="gopherProxySet" value="false"/>
    <property name="java.vm.vendor" value="Oracle Corporation"/>
    <property name="maven.multiModuleProjectDirectory" value="/Users/lucastancapiano/Sviluppo/src/workspace_greenarea/rules"/>
    <property name="java.vendor.url" value="http://java.oracle.com/"/>
    <property name="path.separator" value=":"/>
    <property name="guice.disable.misplaced.annotation.check" value="true"/>
    <property name="java.vm.name" value="Java HotSpot(TM) 64-Bit Server VM"/>
    <property name="file.encoding.pkg" value="sun.io"/>
    <property name="user.country" value="IT"/>
    <property name="sun.java.launcher" value="SUN_STANDARD"/>
    <property name="sun.os.patch.level" value="unknown"/>
    <property name="java.vm.specification.name" value="Java Virtual Machine Specification"/>
    <property name="user.dir" value="/Users/lucastancapiano/Sviluppo/src/workspace_greenarea/rules"/>
    <property name="java.runtime.version" value="1.8.0_51-b16"/>
    <property name="java.awt.graphicsenv" value="sun.awt.CGraphicsEnvironment"/>
    <property name="java.endorsed.dirs" value="/Library/Java/JavaVirtualMachines/jdk1.8.0_51.jdk/Contents/Home/jre/lib/endorsed"/>
    <property name="os.arch" value="x86_64"/>
    <property name="java.io.tmpdir" value="/var/folders/_p/7c06bb95071f644r5vvs8pnm0000gn/T/"/>
    <property name="line.separator" value="&#10;"/>
    <property name="java.vm.specification.vendor" value="Oracle Corporation"/>
    <property name="os.name" value="Mac OS X"/>
    <property name="classworlds.conf" value="/Users/lucastancapiano/Sviluppo/bin/apache-maven-3.3.3/bin/m2.conf"/>
    <property name="sun.jnu.encoding" value="UTF-8"/>
    <property name="java.library.path" value="/Users/lucastancapiano/Library/Java/Extensions:/Library/Java/Extensions:/Network/Library/Java/Extensions:/System/Library/Java/Extensions:/usr/lib/java:."/>
    <property name="java.specification.name" value="Java Platform API Specification"/>
    <property name="java.class.version" value="52.0"/>
    <property name="sun.management.compiler" value="HotSpot 64-Bit Tiered Compilers"/>
    <property name="os.version" value="10.10.5"/>
    <property name="http.nonProxyHosts" value="local|*.local|169.254/16|*.169.254/16"/>
    <property name="user.home" value="/Users/lucastancapiano"/>
    <property name="user.timezone" value="Europe/Rome"/>
    <property name="java.awt.printerjob" value="sun.lwawt.macosx.CPrinterJob"/>
    <property name="java.specification.version" value="1.8"/>
    <property name="file.encoding" value="UTF-8"/>
    <property name="user.name" value="lucastancapiano"/>
    <property name="java.class.path" value="/Users/lucastancapiano/Sviluppo/bin/apache-maven-3.3.3/boot/plexus-classworlds-2.5.2.jar"/>
    <property name="maven.surefire.debug" value="true"/>
    <property name="java.vm.specification.version" value="1.8"/>
    <property name="sun.arch.data.model" value="64"/>
    <property name="java.home" value="/Library/Java/JavaVirtualMachines/jdk1.8.0_51.jdk/Contents/Home/jre"/>
    <property name="sun.java.command" value="org.codehaus.plexus.classworlds.launcher.Launcher test -Dmaven.surefire.debug"/>
    <property name="java.specification.vendor" value="Oracle Corporation"/>
    <property name="user.language" value="it"/>
    <property name="awt.toolkit" value="sun.lwawt.macosx.LWCToolkit"/>
    <property name="java.vm.info" value="mixed mode"/>
    <property name="java.version" value="1.8.0_51"/>
    <property name="java.ext.dirs" value="/Users/lucastancapiano/Library/Java/Extensions:/Library/Java/JavaVirtualMachines/jdk1.8.0_51.jdk/Contents/Home/jre/lib/ext:/Library/Java/Extensions:/Network/Library/Java/Extensions:/System/Library/Java/Extensions:/usr/lib/java"/>
    <property name="sun.boot.class.path" value="/Library/Java/JavaVirtualMachines/jdk1.8.0_51.jdk/Contents/Home/jre/lib/resources.jar:/Library/Java/JavaVirtualMachines/jdk1.8.0_51.jdk/Contents/Home/jre/lib/rt.jar:/Library/Java/JavaVirtualMachines/jdk1.8.0_51.jdk/Contents/Home/jre/lib/sunrsasign.jar:/Library/Java/JavaVirtualMachines/jdk1.8.0_51.jdk/Contents/Home/jre/lib/jsse.jar:/Library/Java/JavaVirtualMachines/jdk1.8.0_51.jdk/Contents/Home/jre/lib/jce.jar:/Library/Java/JavaVirtualMachines/jdk1.8.0_51.jdk/Contents/Home/jre/lib/charsets.jar:/Library/Java/JavaVirtualMachines/jdk1.8.0_51.jdk/Contents/Home/jre/lib/jfr.jar:/Library/Java/JavaVirtualMachines/jdk1.8.0_51.jdk/Contents/Home/jre/classes"/>
    <property name="java.vendor" value="Oracle Corporation"/>
    <property name="maven.home" value="/Users/lucastancapiano/Sviluppo/bin/apache-maven-3.3.3"/>
    <property name="file.separator" value="/"/>
    <property name="java.vendor.url.bug" value="http://bugreport.sun.com/bugreport/"/>
    <property name="sun.cpu.endian" value="little"/>
    <property name="sun.io.unicode.encoding" value="UnicodeBig"/>
    <property name="socksNonProxyHosts" value="local|*.local|169.254/16|*.169.254/16"/>
    <property name="ftp.nonProxyHosts" value="local|*.local|169.254/16|*.169.254/16"/>
    <property name="sun.cpu.isalist" value=""/>
  </properties>
  <testcase name="ruleWithClientContainer" classname="rules.ExecutionRuleTest" time="0.15">
    <failure type="java.lang.AssertionError:">java.lang.AssertionError: null
	at rules.ExecutionRuleTest.ruleWithClientContainer(ExecutionRuleTest.java:24)
</failure>
    <system-out><![CDATA[INFORMAZIONI [org.jboss.modules] JBoss Modules version 1.4.3.Final
INFO  [org.jboss.msc] JBoss MSC version 1.2.6.Final
INFO  [org.jboss.as] WFLYSRV0049: WildFly Full 9.0.1.Final (WildFly Core 1.0.1.Final) starting
INFO  [org.jboss.as.controller.management-deprecated] WFLYCTL0028: Attribute 'enabled' in the resource at address '/subsystem=datasources/data-source=ExampleDS' is deprecated, and may be removed in future version. See the attribute description in the output of the read-resource-description operation to learn more about the deprecation.
INFO  [org.jboss.as.controller.management-deprecated] WFLYCTL0028: Attribute 'job-repository-type' in the resource at address '/subsystem=batch' is deprecated, and may be removed in future version. See the attribute description in the output of the read-resource-description operation to learn more about the deprecation.
INFO  [org.jboss.as.server] WFLYSRV0039: Creating http management service using socket-binding (management-http)
INFO  [org.xnio] XNIO version 3.3.1.Final
INFO  [org.xnio.nio] XNIO NIO Implementation Version 3.3.1.Final
INFO  [org.jboss.remoting] JBoss Remoting version 4.0.9.Final
INFO  [org.jboss.as.clustering.infinispan] WFLYCLINF0001: Activating Infinispan subsystem.
INFO  [org.wildfly.extension.io] WFLYIO001: Worker 'default' has auto-configured to 8 core threads with 64 task threads based on your 4 available processors
INFO  [org.jboss.as.jsf] WFLYJSF0007: Activated the following JSF Implementations: [main]
INFO  [org.jboss.as.naming] WFLYNAM0001: Activating Naming Subsystem
INFO  [org.jboss.as.connector] WFLYJCA0009: Starting JCA Subsystem (IronJacamar 1.2.4.Final)
INFO  [org.jboss.as.connector.subsystems.datasources] WFLYJCA0004: Deploying JDBC-compliant driver class org.h2.Driver (version 1.3)
INFO  [org.jboss.as.security] WFLYSEC0002: Activating Security Subsystem
INFO  [org.jboss.as.naming] WFLYNAM0003: Starting Naming Service
WARN  [org.jboss.as.txn] WFLYTX0013: Node identifier property is set to the default value. Please make sure it is unique.
INFO  [org.jboss.as.mail.extension] WFLYMAIL0001: Bound mail session [java:jboss/mail/Default]
INFO  [org.jboss.as.security] WFLYSEC0001: Current PicketBox version=4.9.2.Final
INFO  [org.jboss.as.webservices] WFLYWS0002: Activating WebServices Extension
INFO  [org.jboss.as.connector.deployers.jdbc] WFLYJCA0018: Started Driver service with driver-name = h2
INFO  [org.wildfly.extension.undertow] WFLYUT0003: Undertow 1.2.9.Final starting
INFO  [org.wildfly.extension.undertow] WFLYUT0003: Undertow 1.2.9.Final starting
INFO  [org.wildfly.extension.undertow] WFLYUT0014: Creating file handler for path /Users/lucastancapiano/Sviluppo/src/workspace_greenarea/rules/target/wildfly-9.0.1.Final/welcome-content
INFO  [org.wildfly.extension.undertow] WFLYUT0012: Started server default-server.
INFO  [com.arjuna.ats.jbossatx] ARJUNA032010: JBossTS Recovery Service (tag: 4bf92) - JBoss Inc.
INFO  [org.wildfly.extension.undertow] WFLYUT0018: Host default-host starting
INFO  [com.arjuna.ats.arjuna] ARJUNA012324: Start RecoveryActivators
INFO  [org.wildfly.extension.undertow] WFLYUT0006: Undertow HTTP listener default listening on /127.0.0.1:8080
INFO  [com.arjuna.ats.arjuna] ARJUNA012343: RecoveryManagerImple is ready. Socket listener is turned off.
INFO  [com.arjuna.ats.arjuna] ARJUNA012296: ExpiredEntryMonitor running at gio, 24 set 2015 12:09:18
INFO  [com.arjuna.ats.jbossatx] ARJUNA032013: Starting transaction recovery manager
INFO  [com.arjuna.ats.jbossatx] ARJUNA032017: JBossTS Transaction Service (JTA version - tag: 4bf92) - JBoss Inc.
INFO  [org.jboss.as.connector.subsystems.datasources] WFLYJCA0001: Bound data source [java:jboss/datasources/ExampleDS]
INFO  [org.jboss.as.server.deployment.scanner] WFLYDS0013: Started FileSystemDeploymentService for directory /Users/lucastancapiano/Sviluppo/src/workspace_greenarea/rules/target/wildfly-9.0.1.Final/standalone/deployments
INFO  [org.jboss.ws.common.management] JBWS022052: Starting JBoss Web Services - Stack CXF Server 5.0.0.Final
INFO  [org.jboss.as] WFLYSRV0060: Http management interface listening on http://127.0.0.1:9990/management
INFO  [org.jboss.as] WFLYSRV0051: Admin console listening on http://127.0.0.1:9990
INFO  [org.jboss.as] WFLYSRV0025: WildFly Full 9.0.1.Final (WildFly Core 1.0.1.Final) started in 8039ms - Started 203 of 379 services (210 services are lazy, passive or on-demand)
]]></system-out>
  </testcase>
  <testcase name="ruleWithServerContainer" classname="rules.ExecutionRuleTest" time="112.61"/>
</testsuite>